#
# There is insufficient memory for the Java Runtime Environment to continue.
# Native memory allocation (malloc) failed to allocate 1048576 bytes for AllocateHeap
# Possible reasons:
#   The system is out of physical RAM or swap space
#   The process is running with CompressedOops enabled, and the Java Heap may be blocking the growth of the native heap
# Possible solutions:
#   Reduce memory load on the system
#   Increase physical memory or swap space
#   Check if swap backing store is full
#   Decrease Java heap size (-Xmx/-Xms)
#   Decrease number of Java threads
#   Decrease Java thread stack sizes (-Xss)
#   Set larger code cache with -XX:ReservedCodeCacheSize=
#   JVM is running with Unscaled Compressed Oops mode in which the Java heap is
#     placed in the first 4GB address space. The Java Heap base address is the
#     maximum limit for the native heap growth. Please use -XX:HeapBaseMinAddress
#     to set the Java Heap base and to place the Java Heap above 4GB virtual address.
# This output file may be truncated or incomplete.
#
#  Out of Memory Error (allocation.cpp:44), pid=1460, tid=1052
#
# JRE version:  (17.0.6+10) (build )
# Java VM: OpenJDK 64-Bit Server VM (17.0.6+10, mixed mode, sharing, tiered, compressed oops, compressed class ptrs, g1 gc, windows-amd64)
# No core dump will be written. Minidumps are not enabled by default on client versions of Windows
#

---------------  S U M M A R Y ------------

Command Line: -XX:+ShowCodeDetailsInExceptionMessages edu.ifsp.supportingwomen.swapi.SwApiApplication

Host: Intel(R) Core(TM) i5-3470 CPU @ 3.20GHz, 4 cores, 7G,  Windows 10 , 64 bit Build 19041 (10.0.19041.3155)
Time: Sat Aug 26 11:53:41 2023 Hora oficial do Brasil elapsed time: 0.022391 seconds (0d 0h 0m 0s)

---------------  T H R E A D  ---------------

Current thread (0x000001c0bbf6ce10):  JavaThread "Unknown thread" [_thread_in_vm, id=1052, stack(0x000000aae0000000,0x000000aae0100000)]

Stack: [0x000000aae0000000,0x000000aae0100000]
Native frames: (J=compiled Java code, j=interpreted, Vv=VM code, C=native code)
V  [jvm.dll+0x67741a]
V  [jvm.dll+0x834434]
V  [jvm.dll+0x835bde]
V  [jvm.dll+0x836243]
V  [jvm.dll+0x2457b5]
V  [jvm.dll+0xa626f]
V  [jvm.dll+0x2e4837]
V  [jvm.dll+0x2dc6bb]
V  [jvm.dll+0x806131]
V  [jvm.dll+0x369331]
V  [jvm.dll+0x7e56ac]
V  [jvm.dll+0x3eb35f]
V  [jvm.dll+0x3ecea1]
C  [jli.dll+0x5267]
C  [ucrtbase.dll+0x21bb2]
C  [KERNEL32.DLL+0x17614]
C  [ntdll.dll+0x526b1]


---------------  P R O C E S S  ---------------

Threads class SMR info:
_java_thread_list=0x00007ffd7fcd5fd8, length=0, elements={
}

Java Threads: ( => current thread )

Other Threads:
  0x000001c0bbfcfd90 GCTaskThread "GC Thread#0" [stack: 0x000000aae0100000,0x000000aae0200000] [id=9760]

[error occurred during error reporting (printing all threads), id 0xc0000005, EXCEPTION_ACCESS_VIOLATION (0xc0000005) at pc=0x00007ffd7f4a97c0]

VM state: not at safepoint (not fully initialized)

VM Mutex/Monitor currently owned by a thread:  ([mutex/lock_event])
[0x000001c0bbf682f0] Heap_lock - owner thread: 0x000001c0bbf6ce10

Heap address: 0x0000000081a00000, size: 2022 MB, Compressed Oops mode: 32-bit

CDS archive(s) mapped at: [0x0000000000000000-0x0000000000000000-0x0000000000000000), size 0, SharedBaseAddress: 0x0000000800000000, ArchiveRelocationMode: 0.
Narrow klass base: 0x0000000000000000, Narrow klass shift: 0, Narrow klass range: 0x0

GC Precious Log:
<Empty>

Heap:
 garbage-first heap   total 0K, used 0K [0x0000000081a00000, 0x0000000100000000)
  region size 1024K, 0 young (0K), 0 survivors (0K)

[error occurred during error reporting (printing heap information), id 0xc0000005, EXCEPTION_ACCESS_VIOLATION (0xc0000005) at pc=0x00007ffd7f8906f9]

GC Heap History (0 events):
No events

Dll operation events (1 events):
Event: 0.011 Loaded shared library C:\Users\Meu Computador\.vscode\extensions\redhat.java-1.15.0\jre\17.0.6-win32-x86_64\bin\java.dll

Deoptimization events (0 events):
No events

Classes unloaded (0 events):
No events

Classes redefined (0 events):
No events

Internal exceptions (0 events):
No events

VM Operations (0 events):
No events

Events (0 events):
No events


Dynamic libraries:
0x00007ff75eec0000 - 0x00007ff75eece000 	C:\Users\Meu Computador\.vscode\extensions\redhat.java-1.15.0\jre\17.0.6-win32-x86_64\bin\java.exe
0x00007ffded110000 - 0x00007ffded308000 	C:\WINDOWS\SYSTEM32\ntdll.dll
0x00007ffdeb200000 - 0x00007ffdeb2bf000 	C:\WINDOWS\System32\KERNEL32.DLL
0x00007ffdeab40000 - 0x00007ffdeae36000 	C:\WINDOWS\System32\KERNELBASE.dll
0x00007ffdeb100000 - 0x00007ffdeb200000 	C:\WINDOWS\System32\ucrtbase.dll
0x00007ffdd8340000 - 0x00007ffdd8357000 	C:\Users\Meu Computador\.vscode\extensions\redhat.java-1.15.0\jre\17.0.6-win32-x86_64\bin\jli.dll
0x00007ffdeb320000 - 0x00007ffdeb4bd000 	C:\WINDOWS\System32\USER32.dll
0x00007ffdeaa80000 - 0x00007ffdeaaa2000 	C:\WINDOWS\System32\win32u.dll
0x00007ffdec530000 - 0x00007ffdec55c000 	C:\WINDOWS\System32\GDI32.dll
0x00007ffdeafb0000 - 0x00007ffdeb0c5000 	C:\WINDOWS\System32\gdi32full.dll
0x00007ffdea880000 - 0x00007ffdea91d000 	C:\WINDOWS\System32\msvcp_win.dll
0x00007ffdd7f70000 - 0x00007ffdd7f89000 	C:\Users\Meu Computador\.vscode\extensions\redhat.java-1.15.0\jre\17.0.6-win32-x86_64\bin\VCRUNTIME140.dll
0x00007ffdd7fa0000 - 0x00007ffdd823a000 	C:\WINDOWS\WinSxS\amd64_microsoft.windows.common-controls_6595b64144ccf1df_6.0.19041.1110_none_60b5254171f9507e\COMCTL32.dll
0x00007ffdeb9d0000 - 0x00007ffdeba6e000 	C:\WINDOWS\System32\msvcrt.dll
0x00007ffdebb00000 - 0x00007ffdebb30000 	C:\WINDOWS\System32\IMM32.DLL
0x00007ffde6240000 - 0x00007ffde624c000 	C:\Users\Meu Computador\.vscode\extensions\redhat.java-1.15.0\jre\17.0.6-win32-x86_64\bin\vcruntime140_1.dll
0x00007ffdd0f10000 - 0x00007ffdd0fa1000 	C:\Users\Meu Computador\.vscode\extensions\redhat.java-1.15.0\jre\17.0.6-win32-x86_64\bin\msvcp140.dll
0x00007ffd7f1c0000 - 0x00007ffd7fe07000 	C:\Users\Meu Computador\.vscode\extensions\redhat.java-1.15.0\jre\17.0.6-win32-x86_64\bin\server\jvm.dll
0x00007ffdec560000 - 0x00007ffdec60f000 	C:\WINDOWS\System32\ADVAPI32.dll
0x00007ffdeb710000 - 0x00007ffdeb7ac000 	C:\WINDOWS\System32\sechost.dll
0x00007ffdeb7b0000 - 0x00007ffdeb8d6000 	C:\WINDOWS\System32\RPCRT4.dll
0x00007ffddf220000 - 0x00007ffddf229000 	C:\WINDOWS\SYSTEM32\WSOCK32.dll
0x00007ffdebf70000 - 0x00007ffdebfdb000 	C:\WINDOWS\System32\WS2_32.dll
0x00007ffdd6130000 - 0x00007ffdd6157000 	C:\WINDOWS\SYSTEM32\WINMM.dll
0x00007ffde4680000 - 0x00007ffde468a000 	C:\WINDOWS\SYSTEM32\VERSION.dll
0x00007ffde8740000 - 0x00007ffde8752000 	C:\WINDOWS\SYSTEM32\kernel.appcore.dll
0x00007ffddb210000 - 0x00007ffddb21a000 	C:\Users\Meu Computador\.vscode\extensions\redhat.java-1.15.0\jre\17.0.6-win32-x86_64\bin\jimage.dll
0x00007ffde40a0000 - 0x00007ffde4284000 	C:\WINDOWS\SYSTEM32\DBGHELP.DLL
0x00007ffde4370000 - 0x00007ffde43a4000 	C:\WINDOWS\SYSTEM32\dbgcore.DLL
0x00007ffdeaab0000 - 0x00007ffdeab32000 	C:\WINDOWS\System32\bcryptPrimitives.dll
0x00007ffdd6a80000 - 0x00007ffdd6aa5000 	C:\Users\Meu Computador\.vscode\extensions\redhat.java-1.15.0\jre\17.0.6-win32-x86_64\bin\java.dll

dbghelp: loaded successfully - version: 4.0.5 - missing functions: none
symbol engine: initialized successfully - sym options: 0x614 - pdb path: .;C:\Users\Meu Computador\.vscode\extensions\redhat.java-1.15.0\jre\17.0.6-win32-x86_64\bin;C:\WINDOWS\SYSTEM32;C:\WINDOWS\WinSxS\amd64_microsoft.windows.common-controls_6595b64144ccf1df_6.0.19041.1110_none_60b5254171f9507e;C:\Users\Meu Computador\.vscode\extensions\redhat.java-1.15.0\jre\17.0.6-win32-x86_64\bin\server

VM Arguments:
jvm_args: -XX:+ShowCodeDetailsInExceptionMessages 
java_command: edu.ifsp.supportingwomen.swapi.SwApiApplication
java_class_path (initial): C:\Users\Meu Computador\SuppWomen\target\classes;C:\Users\Meu Computador\.m2\repository\org\springframework\boot\spring-boot-starter-web\3.1.2\spring-boot-starter-web-3.1.2.jar;C:\Users\Meu Computador\.m2\repository\org\springframework\boot\spring-boot-starter\3.1.2\spring-boot-starter-3.1.2.jar;C:\Users\Meu Computador\.m2\repository\org\springframework\boot\spring-boot-starter-logging\3.1.2\spring-boot-starter-logging-3.1.2.jar;C:\Users\Meu Computador\.m2\repository\ch\qos\logback\logback-classic\1.4.8\logback-classic-1.4.8.jar;C:\Users\Meu Computador\.m2\repository\ch\qos\logback\logback-core\1.4.8\logback-core-1.4.8.jar;C:\Users\Meu Computador\.m2\repository\org\apache\logging\log4j\log4j-to-slf4j\2.20.0\log4j-to-slf4j-2.20.0.jar;C:\Users\Meu Computador\.m2\repository\org\apache\logging\log4j\log4j-api\2.20.0\log4j-api-2.20.0.jar;C:\Users\Meu Computador\.m2\repository\org\slf4j\jul-to-slf4j\2.0.7\jul-to-slf4j-2.0.7.jar;C:\Users\Meu Computador\.m2\repository\jakarta\annotation\jakarta.annotation-api\2.1.1\jakarta.annotation-api-2.1.1.jar;C:\Users\Meu Computador\.m2\repository\org\yaml\snakeyaml\1.33\snakeyaml-1.33.jar;C:\Users\Meu Computador\.m2\repository\org\springframework\boot\spring-boot-starter-json\3.1.2\spring-boot-starter-json-3.1.2.jar;C:\Users\Meu Computador\.m2\repository\com\fasterxml\jackson\core\jackson-databind\2.15.2\jackson-databind-2.15.2.jar;C:\Users\Meu Computador\.m2\repository\com\fasterxml\jackson\core\jackson-annotations\2.15.2\jackson-annotations-2.15.2.jar;C:\Users\Meu Computador\.m2\repository\com\fasterxml\jackson\core\jackson-core\2.15.2\jackson-core-2.15.2.jar;C:\Users\Meu Computador\.m2\repository\com\fasterxml\jackson\datatype\jackson-datatype-jdk8\2.15.2\jackson-datatype-jdk8-2.15.2.jar;C:\Users\Meu Computador\.m2\repository\com\fasterxml\jackson\datatype\jackson-datatype-jsr310\2.15.2\jackson-datatype-jsr310-2.15.2.jar;C:\Users\Meu Computador\.m2\repository\com\fasterxml\jackson\module\jackson-module-
Launcher Type: SUN_STANDARD

[Global flags]
     intx CICompilerCount                          = 3                                         {product} {ergonomic}
     uint ConcGCThreads                            = 1                                         {product} {ergonomic}
     uint G1ConcRefinementThreads                  = 4                                         {product} {ergonomic}
   size_t G1HeapRegionSize                         = 1048576                                   {product} {ergonomic}
    uintx GCDrainStackTargetSize                   = 64                                        {product} {ergonomic}
   size_t InitialHeapSize                          = 134217728                                 {product} {ergonomic}
   size_t MarkStackSize                            = 4194304                                   {product} {ergonomic}
   size_t MaxHeapSize                              = 2120220672                                {product} {ergonomic}
   size_t MinHeapDeltaBytes                        = 1048576                                   {product} {ergonomic}
   size_t MinHeapSize                              = 8388608                                   {product} {ergonomic}
    uintx NonNMethodCodeHeapSize                   = 5832780                                {pd product} {ergonomic}
    uintx NonProfiledCodeHeapSize                  = 122912730                              {pd product} {ergonomic}
    uintx ProfiledCodeHeapSize                     = 122912730                              {pd product} {ergonomic}
    uintx ReservedCodeCacheSize                    = 251658240                              {pd product} {ergonomic}
     bool SegmentedCodeCache                       = true                                      {product} {ergonomic}
     bool ShowCodeDetailsInExceptionMessages       = true                                   {manageable} {command line}
   size_t SoftMaxHeapSize                          = 2120220672                             {manageable} {ergonomic}
     bool UseCompressedClassPointers               = true                           {product lp64_product} {ergonomic}
     bool UseCompressedOops                        = true                           {product lp64_product} {ergonomic}
     bool UseG1GC                                  = true                                      {product} {ergonomic}
     bool UseLargePagesIndividualAllocation        = false                                  {pd product} {ergonomic}

Logging:
Log output configuration:
 #0: stdout all=warning uptime,level,tags
 #1: stderr all=off uptime,level,tags

Environment Variables:
PATH=C:\Program Files (x86)\Common Files\Oracle\Java\javapath;C:\WINDOWS\system32;C:\WINDOWS;C:\WINDOWS\System32\Wbem;C:\WINDOWS\System32\WindowsPowerShell\v1.0\;C:\WINDOWS\System32\OpenSSH\;C:\ProgramData\UNIVALI\Portugol Studio;C:\Program Files\Git\cmd;C:\Users\Meu Computador\AppData\Local\Microsoft\WindowsApps;;C:\Users\Meu Computador\AppData\Local\Programs\Microsoft VS Code\bin
USERNAME=Meu Computador
LANG=en_US.UTF-8
OS=Windows_NT
PROCESSOR_IDENTIFIER=Intel64 Family 6 Model 58 Stepping 9, GenuineIntel
TMP=C:\Users\MEUCOM~1\AppData\Local\Temp
TEMP=C:\Users\MEUCOM~1\AppData\Local\Temp



---------------  S Y S T E M  ---------------

OS:
 Windows 10 , 64 bit Build 19041 (10.0.19041.3155)
OS uptime: 0 days 3:55 hours

CPU: total 4 (initial active 4) (4 cores per cpu, 1 threads per core) family 6 model 58 stepping 9 microcode 0x21, cx8, cmov, fxsr, mmx, sse, sse2, sse3, ssse3, sse4.1, sse4.2, popcnt, tsc, tscinvbit, avx, aes, erms, clmul, vzeroupper, clflush

Memory: 4k page, system-wide physical 8083M (1452M free)
TotalPageFile size 8083M (AvailPageFile size 13M)
current process WorkingSet (physical memory assigned to process): 10M, peak: 10M
current process commit charge ("private bytes"): 47M, peak: 48M

vm_info: OpenJDK 64-Bit Server VM (17.0.6+10) for windows-amd64 JRE (17.0.6+10), built on Jan 18 2023 10:08:59 by "temurin" with MS VC++ 16.7 (VS2019)

END.
